<?xml version="1.0" encoding="UTF-8"?>
<!-- Generated by org.testng.reporters.JUnitReportReporter -->
<testsuite skipped="0" hostname="DESKTOP-7M3VN73" name="qaclickacademy.RESTAPITest" tests="2" failures="0" timestamp="14 May 2019 15:44:36 GMT" time="0.013" errors="0">
  <testcase name="postJira" time="0.002" classname="qaclickacademy.RESTAPITest"/>
  <testcase name="deleteTwitter" time="0.011" classname="qaclickacademy.RESTAPITest"/>
</testsuite> <!-- qaclickacademy.RESTAPITest -->
