<?xml version="1.0" encoding="UTF-8"?>
<!-- Generated by org.testng.reporters.JUnitReportReporter -->
<testsuite skipped="0" hostname="DESKTOP-7M3VN73" name="qaclickacademy.SelenimTest" tests="2" failures="0" timestamp="14 May 2019 15:44:36 GMT" time="0.003" errors="0">
  <testcase name="BrowserAutomation" time="0.002" classname="qaclickacademy.SelenimTest"/>
  <testcase name="elementsUI" time="0.001" classname="qaclickacademy.SelenimTest"/>
</testsuite> <!-- qaclickacademy.SelenimTest -->
